<?xml version="1.0" encoding="UTF-8"?>
<!-- Generated by org.testng.reporters.JUnitReportReporter -->
<testsuite skipped="0" hostname="Pravin-PC" name="Malesiya" tests="2" failures="0" timestamp="24 Jan 2019 12:33:20 GMT" time="39.181" errors="0">
  <testcase name="Banks_names" time="35.171" classname="Malesiya"/>
  <testcase name="Swift_code" time="4.010" classname="Malesiya"/>
</testsuite> <!-- Malesiya -->
