<?xml version="1.0" encoding="UTF-8"?>
<!-- Generated by org.testng.reporters.JUnitReportReporter -->
<testsuite skipped="0" hostname="Pravin-PC" name="Amazon1" tests="1" failures="0" timestamp="24 Jan 2019 12:34:24 GMT" time="17.406" errors="0">
  <testcase name="Amazon_product_images" time="17.406" classname="Amazon1"/>
</testsuite> <!-- Amazon1 -->
